<?xml version="1.0" encoding="UTF-8"?>
<testng-results skipped="0" failed="0" total="1" passed="1">
  <reporter-output>
  </reporter-output>
  <suite name="Default suite" duration-ms="37028" started-at="2019-12-19T04:42:08Z" finished-at="2019-12-19T04:42:45Z">
    <groups>
    </groups>
    <test name="Default test" duration-ms="37028" started-at="2019-12-19T04:42:08Z" finished-at="2019-12-19T04:42:45Z">
      <class name="com.tm.TestCases.TestCase_Leave_MyLeave">
        <test-method status="PASS" signature="setupReport()[pri:0, instance:com.tm.TestCases.TestCase_Leave_MyLeave@3532ec19]" name="setupReport" is-config="true" duration-ms="210" started-at="2019-12-19T10:12:07Z" finished-at="2019-12-19T10:12:08Z">
          <reporter-output>
          </reporter-output>
        </test-method> <!-- setupReport -->
        <test-method status="PASS" signature="launchBrowser(java.lang.reflect.Method)[pri:0, instance:com.tm.TestCases.TestCase_Leave_MyLeave@3532ec19]" name="launchBrowser" is-config="true" duration-ms="4874" started-at="2019-12-19T10:12:08Z" finished-at="2019-12-19T10:12:12Z">
          <params>
            <param index="0">
              <value>
                <![CDATA[public void com.tm.TestCases.TestCase_Leave_MyLeave.TC102_MyLeavePageCheckBoxFunctionality()]]>
              </value>
            </param>
          </params>
          <reporter-output>
          </reporter-output>
        </test-method> <!-- launchBrowser -->
        <test-method status="PASS" signature="TC102_MyLeavePageCheckBoxFunctionality()[pri:0, instance:com.tm.TestCases.TestCase_Leave_MyLeave@3532ec19]" name="TC102_MyLeavePageCheckBoxFunctionality" duration-ms="32112" started-at="2019-12-19T10:12:12Z" finished-at="2019-12-19T10:12:45Z">
          <reporter-output>
          </reporter-output>
        </test-method> <!-- TC102_MyLeavePageCheckBoxFunctionality -->
        <test-method status="PASS" signature="closeBrowser()[pri:0, instance:com.tm.TestCases.TestCase_Leave_MyLeave@3532ec19]" name="closeBrowser" is-config="true" duration-ms="31" started-at="2019-12-19T10:12:45Z" finished-at="2019-12-19T10:12:45Z">
          <reporter-output>
          </reporter-output>
        </test-method> <!-- closeBrowser -->
        <test-method status="PASS" signature="toEnd()[pri:0, instance:com.tm.TestCases.TestCase_Leave_MyLeave@3532ec19]" name="toEnd" is-config="true" duration-ms="9540" started-at="2019-12-19T10:12:45Z" finished-at="2019-12-19T10:12:54Z">
          <reporter-output>
          </reporter-output>
        </test-method> <!-- toEnd -->
      </class> <!-- com.tm.TestCases.TestCase_Leave_MyLeave -->
    </test> <!-- Default test -->
  </suite> <!-- Default suite -->
</testng-results>
